2020-09-18 16:38:26.9957 DEBUG Launched application
2020-09-18 16:39:01.5368 DEBUG Entering InsertVerse View
2020-09-18 16:40:07.0713 DEBUG Launched application
2020-09-18 16:40:09.1179 DEBUG Entering InsertVerse View
2020-09-18 16:41:06.7615 DEBUG Entered InsertVerse() Method
2020-09-18 16:41:17.0361 DEBUG Entered InsertVerse() Method
2020-09-18 16:41:17.0867 DEBUG Inserted a verse into the DB.
2020-09-18 16:41:18.4931 DEBUG Entering InsertVerse View
2020-09-18 16:41:20.1341 DEBUG Entered InsertVerse() Method
2020-09-18 16:41:37.1703 DEBUG Launched application
2020-09-18 16:41:39.0666 DEBUG Entering SearchVerse View
2020-09-18 16:41:40.0417 DEBUG Entered SearchVerse() Method
2020-09-18 16:41:40.0661 ERROR  An error occurred in FindVerse()
2020-09-18 16:41:40.0661 DEBUG No verse was found in FindVerse()
2020-09-18 16:42:02.4109 DEBUG Entered SearchVerse() Method
2020-09-18 16:42:02.4109 DEBUG A verse was found in FindVerse()
2020-09-18 16:42:23.4767 DEBUG Entered SearchVerse() Method
2020-09-18 16:42:23.4881 ERROR  An error occurred in FindVerse()
2020-09-18 16:42:23.4881 DEBUG No verse was found in FindVerse()
2020-09-18 16:42:34.7113 DEBUG Entered SearchVerse() Method
2020-09-18 16:42:34.7113 DEBUG No verse was found in FindVerse()
